Using pre-set license
Built from '2021.3/staging' branch; Version is '2021.3.11f1 (0a5ca18544bf) revision 679073'; Using compiler version '192829333'; Build Type 'Release'
OS: 'Windows 10  (10.0.19044) 64bit CoreCountrySpecific' Language: 'zh' Physical Memory: 32636 MB
BatchMode: 1, IsHumanControllingUs: 0, StartBugReporterOnCrash: 0, Is64bit: 1, IsPro: 1

COMMAND LINE ARGUMENTS:
D:\Program Files\2021.3.11f1\Editor\Unity.exe
-adb2
-batchMode
-noUpm
-name
AssetImportWorker2
-projectPath
D:/Arthur/Documents/Petminder-20221102T195607Z-001/Petminder
-logFile
Logs/AssetImportWorker2.log
-srvPort
54437
Successfully changed project path to: D:/Arthur/Documents/Petminder-20221102T195607Z-001/Petminder
D:/Arthur/Documents/Petminder-20221102T195607Z-001/Petminder
[UnityMemory] Configuration Parameters - Can be set up in boot.config
    "memorysetup-bucket-allocator-granularity=16"
    "memorysetup-bucket-allocator-bucket-count=8"
    "memorysetup-bucket-allocator-block-size=33554432"
    "memorysetup-bucket-allocator-block-count=8"
    "memorysetup-main-allocator-block-size=16777216"
    "memorysetup-thread-allocator-block-size=16777216"
    "memorysetup-gfx-main-allocator-block-size=16777216"
    "memorysetup-gfx-thread-allocator-block-size=16777216"
    "memorysetup-cache-allocator-block-size=4194304"
    "memorysetup-typetree-allocator-block-size=2097152"
    "memorysetup-profiler-bucket-allocator-granularity=16"
    "memorysetup-profiler-bucket-allocator-bucket-count=8"
    "memorysetup-profiler-bucket-allocator-block-size=33554432"
    "memorysetup-profiler-bucket-allocator-block-count=8"
    "memorysetup-profiler-allocator-block-size=16777216"
    "memorysetup-profiler-editor-allocator-block-size=1048576"
    "memorysetup-temp-allocator-size-main=16777216"
    "memorysetup-job-temp-allocator-block-size=2097152"
    "memorysetup-job-temp-allocator-block-size-background=1048576"
    "memorysetup-job-temp-allocator-reduction-small-platforms=262144"
    "memorysetup-temp-allocator-size-background-worker=32768"
    "memorysetup-temp-allocator-size-job-worker=262144"
    "memorysetup-temp-allocator-size-preload-manager=33554432"
    "memorysetup-temp-allocator-size-nav-mesh-worker=65536"
    "memorysetup-temp-allocator-size-audio-worker=65536"
    "memorysetup-temp-allocator-size-cloud-worker=32768"
    "memorysetup-temp-allocator-size-gi-baking-worker=262144"
    "memorysetup-temp-allocator-size-gfx=262144"
Unable to join player connection multicast group.
Refreshing native plugins compatible for Editor in 39.51 ms, found 2 plugins.
Preloading 0 native plugins for Editor in 0.00 ms.
Initialize engine version: 2021.3.11f1 (0a5ca18544bf)
[Subsystems] Discovering subsystems at path D:/Program Files/2021.3.11f1/Editor/Data/Resources/UnitySubsystems
[Subsystems] Discovering subsystems at path D:/Arthur/Documents/Petminder-20221102T195607Z-001/Petminder/Assets
GfxDevice: creating device client; threaded=0; jobified=0
Direct3D:
    Version:  Direct3D 11.0 [level 11.1]
    Renderer: NVIDIA GeForce RTX 3080 Laptop GPU (ID=0x24dc)
    Vendor:   NVIDIA
    VRAM:     16201 MB
    Driver:   30.0.15.1236
Initialize mono
Mono path[0] = 'D:/Program Files/2021.3.11f1/Editor/Data/Managed'
Mono path[1] = 'D:/Program Files/2021.3.11f1/Editor/Data/MonoBleedingEdge/lib/mono/unityjit-win32'
Mono config path = 'D:/Program Files/2021.3.11f1/Editor/Data/MonoBleedingEdge/etc'
Using monoOptions --debugger-agent=transport=dt_socket,embedding=1,server=y,suspend=n,address=127.0.0.1:56568
Begin MonoManager ReloadAssembly
Registering precompiled unity dll's ...
Register platform support module: D:/Program Files/2021.3.11f1/Editor/Data/PlaybackEngines/AndroidPlayer/UnityEditor.Android.Extensions.dll
Register platform support module: D:/Program Files/2021.3.11f1/Editor/Data/PlaybackEngines/iOSSupport/UnityEditor.iOS.Extensions.dll
Register platform support module: D:/Program Files/2021.3.11f1/Editor/Data/PlaybackEngines/WindowsStandaloneSupport/UnityEditor.WindowsStandalone.Extensions.dll
Registered in 0.002942 seconds.
Native extension for WindowsStandalone target not found
[usbmuxd] Start listen thread
[usbmuxd] Listen thread started
Native extension for iOS target not found
Native extension for Android target not found
Refreshing native plugins compatible for Editor in 32.73 ms, found 2 plugins.
Preloading 0 native plugins for Editor in 0.00 ms.
Mono: successfully reloaded assembly
- Completed reload, in  0.506 seconds
Domain Reload Profiling:
	ReloadAssembly (506ms)
		BeginReloadAssembly (87ms)
			ExecutionOrderSort (0ms)
			DisableScriptedObjects (0ms)
			BackupInstance (0ms)
			ReleaseScriptingObjects (0ms)
			CreateAndSetChildDomain (1ms)
		EndReloadAssembly (340ms)
			LoadAssemblies (87ms)
			RebuildTransferFunctionScriptingTraits (0ms)
			SetupTypeCache (83ms)
			ReleaseScriptCaches (0ms)
			RebuildScriptCaches (20ms)
			SetupLoadedEditorAssemblies (198ms)
				LogAssemblyErrors (0ms)
				InitializePlatformSupportModulesInManaged (52ms)
				SetLoadedEditorAssemblies (0ms)
				RefreshPlugins (33ms)
				BeforeProcessingInitializeOnLoad (1ms)
				ProcessInitializeOnLoadAttributes (75ms)
				ProcessInitializeOnLoadMethodAttributes (37ms)
				AfterProcessingInitializeOnLoad (0ms)
				EditorAssembliesLoaded (0ms)
			ExecutionOrderSort2 (0ms)
			AwakeInstancesAfterBackupRestoration (0ms)
Platform modules already initialized, skipping
Registering precompiled user dll's ...
Registered in 0.004990 seconds.
Begin MonoManager ReloadAssembly
Native extension for WindowsStandalone target not found
Native extension for iOS target not found
Native extension for Android target not found
Refreshing native plugins compatible for Editor in 0.72 ms, found 2 plugins.
Preloading 0 native plugins for Editor in 0.00 ms.
Package Manager log level set to [2]
Mono: successfully reloaded assembly
- Completed reload, in  0.907 seconds
Domain Reload Profiling:
	ReloadAssembly (908ms)
		BeginReloadAssembly (226ms)
			ExecutionOrderSort (0ms)
			DisableScriptedObjects (4ms)
			BackupInstance (0ms)
			ReleaseScriptingObjects (0ms)
			CreateAndSetChildDomain (133ms)
		EndReloadAssembly (613ms)
			LoadAssemblies (93ms)
			RebuildTransferFunctionScriptingTraits (0ms)
			SetupTypeCache (156ms)
			ReleaseScriptCaches (0ms)
			RebuildScriptCaches (33ms)
			SetupLoadedEditorAssemblies (333ms)
				LogAssemblyErrors (0ms)
				InitializePlatformSupportModulesInManaged (24ms)
				SetLoadedEditorAssemblies (0ms)
				RefreshPlugins (1ms)
				BeforeProcessingInitializeOnLoad (46ms)
				ProcessInitializeOnLoadAttributes (161ms)
				ProcessInitializeOnLoadMethodAttributes (99ms)
				AfterProcessingInitializeOnLoad (2ms)
				EditorAssembliesLoaded (0ms)
			ExecutionOrderSort2 (0ms)
			AwakeInstancesAfterBackupRestoration (5ms)
Platform modules already initialized, skipping
========================================================================
Worker process is ready to serve import requests
Launched and connected shader compiler UnityShaderCompiler.exe after 0.05 seconds
Refreshing native plugins compatible for Editor in 1.14 ms, found 2 plugins.
Preloading 0 native plugins for Editor in 0.00 ms.
Unloading 2529 Unused Serialized files (Serialized files now loaded: 0)
Unloading 60 unused Assets / (57.3 KB). Loaded Objects now: 2971.
Memory consumption went from 96.8 MB to 96.7 MB.
Total: 6.301600 ms (FindLiveObjects: 0.230600 ms CreateObjectMapping: 0.074300 ms MarkObjects: 5.892700 ms  DeleteObjects: 0.102600 ms)

AssetImportParameters requested are different than current active one (requested -> active):
  custom:video-decoder-ogg-theora: a1e56fd34408186e4bbccfd4996cb3dc -> 
  custom:container-muxer-webm: aa71ff27fc2769a1b78a27578f13a17b -> 
  custom:container-demuxer-webm: 4f35f7cbe854078d1ac9338744f61a02 -> 
  custom:video-encoder-webm-vp8: eb34c28f22e8b96e1ab97ce403110664 -> 
  custom:video-codec-MediaFoundation-h265: 746d11721c4dcdbdad8f713fa42b33f4 -> 
  custom:audio-encoder-webm-vorbis: bf7c407c2cedff20999df2af8eb42d56 -> 
  custom:framework-win-MediaFoundation: 216162199b28c13a410421893ffa2e32 -> 
  custom:container-demuxer-ogg: 62fdf1f143b41e24485cea50d1cbac27 -> 
  custom:video-decoder-webm-vp8: 9c59270c3fd7afecdb556c50c9e8de78 -> 
  custom:audio-decoder-ogg-vorbis: bf7c407c2cedff20999df2af8eb42d56 -> 
========================================================================
Received Import Request.
  Time since last request: 423400.496779 seconds.
  path: Assets/Fonts/Myfont-Regular SDF.asset
  artifactKey: Guid(cb5456214c9974462bad34d90f7450d7) Importer(815301076,1909f56bfc062723c751e8b465ee728b)
Start importing Assets/Fonts/Myfont-Regular SDF.asset using Guid(cb5456214c9974462bad34d90f7450d7) Importer(815301076,1909f56bfc062723c751e8b465ee728b)  -> (artifact id: '48b36bdd06429bba4c179a01709c5dc5') in 0.127946 seconds 
========================================================================
Received Import Request.
  Time since last request: 0.431405 seconds.
  path: Assets/Prefabs/ArchiveItemHolder.prefab
  artifactKey: Guid(d7146a9551b7b82448c2d4ab7022d3f0) Importer(815301076,1909f56bfc062723c751e8b465ee728b)
Start importing Assets/Prefabs/ArchiveItemHolder.prefab using Guid(d7146a9551b7b82448c2d4ab7022d3f0) Importer(815301076,1909f56bfc062723c751e8b465ee728b)  -> (artifact id: 'fb228f5cce67282ef20759f17ffdcbb3') in 0.027233 seconds 
========================================================================
Received Import Request.
  Time since last request: 0.000015 seconds.
  path: Assets/Prefabs/TaskLayout.prefab
  artifactKey: Guid(0a0fb33b84937814686dcf7d36feab99) Importer(815301076,1909f56bfc062723c751e8b465ee728b)
Start importing Assets/Prefabs/TaskLayout.prefab using Guid(0a0fb33b84937814686dcf7d36feab99) Importer(815301076,1909f56bfc062723c751e8b465ee728b)  -> (artifact id: '39fff2341f38f8ae08c2f192d75ec508') in 0.038983 seconds 
========================================================================
Received Import Request.
  Time since last request: 495.833687 seconds.
  path: Assets/Scripts/Authentication/SignIN.cs
  artifactKey: Guid(8cf59d7ea1594d04f858affede5cc7bf) Importer(815301076,1909f56bfc062723c751e8b465ee728b)
Start importing Assets/Scripts/Authentication/SignIN.cs using Guid(8cf59d7ea1594d04f858affede5cc7bf) Importer(815301076,1909f56bfc062723c751e8b465ee728b)  -> (artifact id: '45896d9c87c9af2856f0bb4b2d8773a6') in 0.007348 seconds 
========================================================================
Received Import Request.
  Time since last request: 9.779909 seconds.
  path: Assets/Scripts/Authentication/SignIN.cs
  artifactKey: Guid(8cf59d7ea1594d04f858affede5cc7bf) Importer(815301076,1909f56bfc062723c751e8b465ee728b)
Start importing Assets/Scripts/Authentication/SignIN.cs using Guid(8cf59d7ea1594d04f858affede5cc7bf) Importer(815301076,1909f56bfc062723c751e8b465ee728b)  -> (artifact id: 'ca26914a0443fb10dcbfedf24a4db722') in 0.001723 seconds 
========================================================================
Received Import Request.
  Time since last request: 10.127558 seconds.
  path: Assets/Scripts
  artifactKey: Guid(d2bd7653a12ed46399164dcb4165b3bf) Importer(815301076,1909f56bfc062723c751e8b465ee728b)
Start importing Assets/Scripts using Guid(d2bd7653a12ed46399164dcb4165b3bf) Importer(815301076,1909f56bfc062723c751e8b465ee728b)  -> (artifact id: '81e2db466a0aae1e6fc610b53de72f22') in 0.001405 seconds 
========================================================================
Received Import Request.
  Time since last request: 6.101941 seconds.
  path: Assets/Scripts/User.cs
  artifactKey: Guid(a509bb5b9fe0645b2b25576857421506) Importer(815301076,1909f56bfc062723c751e8b465ee728b)
Start importing Assets/Scripts/User.cs using Guid(a509bb5b9fe0645b2b25576857421506) Importer(815301076,1909f56bfc062723c751e8b465ee728b)  -> (artifact id: '28512b35118ca304d12bd72e547665bd') in 0.001469 seconds 
========================================================================
Received Import Request.
  Time since last request: 39.643358 seconds.
  path: Assets/Scripts/User.cs
  artifactKey: Guid(a509bb5b9fe0645b2b25576857421506) Importer(815301076,1909f56bfc062723c751e8b465ee728b)
Start importing Assets/Scripts/User.cs using Guid(a509bb5b9fe0645b2b25576857421506) Importer(815301076,1909f56bfc062723c751e8b465ee728b)  -> (artifact id: '8fe915cb4de1f2942c1a8ea486b5d7f4') in 0.001326 seconds 
========================================================================
Received Import Request.
  Time since last request: 21.858053 seconds.
  path: Assets/Scripts/Authentication/RegisterAccount.cs
  artifactKey: Guid(5ebdd696d57de7d44bd0971022d8ab5b) Importer(815301076,1909f56bfc062723c751e8b465ee728b)
Start importing Assets/Scripts/Authentication/RegisterAccount.cs using Guid(5ebdd696d57de7d44bd0971022d8ab5b) Importer(815301076,1909f56bfc062723c751e8b465ee728b)  -> (artifact id: '7e2dc67120a41db97105ccdd5926da71') in 0.001402 seconds 
========================================================================
Received Import Request.
  Time since last request: 10.208962 seconds.
  path: Assets/Scripts/Authentication/RegisterAccount.cs
  artifactKey: Guid(5ebdd696d57de7d44bd0971022d8ab5b) Importer(815301076,1909f56bfc062723c751e8b465ee728b)
Start importing Assets/Scripts/Authentication/RegisterAccount.cs using Guid(5ebdd696d57de7d44bd0971022d8ab5b) Importer(815301076,1909f56bfc062723c751e8b465ee728b)  -> (artifact id: 'b13eabd2a86331d2c453a866e2bdf299') in 0.001268 seconds 
========================================================================
Received Import Request.
  Time since last request: 13.325412 seconds.
  path: Assets/Scripts/HomeSystem
  artifactKey: Guid(daf9fb21fc372476e9031946f84b3b08) Importer(815301076,1909f56bfc062723c751e8b465ee728b)
Start importing Assets/Scripts/HomeSystem using Guid(daf9fb21fc372476e9031946f84b3b08) Importer(815301076,1909f56bfc062723c751e8b465ee728b)  -> (artifact id: '75f7a2fbd45f4e11cd08337085801b1e') in 0.001409 seconds 
========================================================================
Received Import Request.
  Time since last request: 3.114274 seconds.
  path: Assets/Scripts/HomeSystem/FillUsrExp.cs
  artifactKey: Guid(3f7c091ac38604ea290f06d6d21367fb) Importer(815301076,1909f56bfc062723c751e8b465ee728b)
Start importing Assets/Scripts/HomeSystem/FillUsrExp.cs using Guid(3f7c091ac38604ea290f06d6d21367fb) Importer(815301076,1909f56bfc062723c751e8b465ee728b)  -> (artifact id: 'e0f17a3aa81decd5efd26acd6c3b1e4a') in 0.001512 seconds 
========================================================================
Received Import Request.
  Time since last request: 28.343401 seconds.
  path: Assets/Scripts/HomeSystem/FillUsrExp.cs
  artifactKey: Guid(3f7c091ac38604ea290f06d6d21367fb) Importer(815301076,1909f56bfc062723c751e8b465ee728b)
Start importing Assets/Scripts/HomeSystem/FillUsrExp.cs using Guid(3f7c091ac38604ea290f06d6d21367fb) Importer(815301076,1909f56bfc062723c751e8b465ee728b)  -> (artifact id: '6048167331b2983f4a8c2047a8f53127') in 0.001293 seconds 
========================================================================
Received Import Request.
  Time since last request: 60.558950 seconds.
  path: Assets/Scripts/HomeSystem/FillUsrExp.cs
  artifactKey: Guid(3f7c091ac38604ea290f06d6d21367fb) Importer(815301076,1909f56bfc062723c751e8b465ee728b)
Start importing Assets/Scripts/HomeSystem/FillUsrExp.cs using Guid(3f7c091ac38604ea290f06d6d21367fb) Importer(815301076,1909f56bfc062723c751e8b465ee728b)  -> (artifact id: '7d1a0945c4b4013a09d91dadded91d71') in 0.001525 seconds 
========================================================================
Received Import Request.
  Time since last request: 213.104614 seconds.
  path: Assets/Scripts/User.cs
  artifactKey: Guid(a509bb5b9fe0645b2b25576857421506) Importer(815301076,1909f56bfc062723c751e8b465ee728b)
Start importing Assets/Scripts/User.cs using Guid(a509bb5b9fe0645b2b25576857421506) Importer(815301076,1909f56bfc062723c751e8b465ee728b)  -> (artifact id: 'd44b98d71347f86b41c31d28c9a2e7ed') in 0.001263 seconds 
========================================================================
Received Import Request.
  Time since last request: 35.577056 seconds.
  path: Assets/Scripts/BookSystem
  artifactKey: Guid(9250492e7dadcc74388e676580f60528) Importer(815301076,1909f56bfc062723c751e8b465ee728b)
Start importing Assets/Scripts/BookSystem using Guid(9250492e7dadcc74388e676580f60528) Importer(815301076,1909f56bfc062723c751e8b465ee728b)  -> (artifact id: '6788db59801f2169fbd6609aa1524251') in 0.001470 seconds 
========================================================================
Received Import Request.
  Time since last request: 1.659732 seconds.
  path: Assets/Scripts/BookSystem/BookItemHolder.cs
  artifactKey: Guid(7c548a3a10318184288d9e623820ba7c) Importer(815301076,1909f56bfc062723c751e8b465ee728b)
Start importing Assets/Scripts/BookSystem/BookItemHolder.cs using Guid(7c548a3a10318184288d9e623820ba7c) Importer(815301076,1909f56bfc062723c751e8b465ee728b)  -> (artifact id: '244f95d364677e90ebea5d7b31b3c0a9') in 0.001342 seconds 
========================================================================
Received Import Request.
  Time since last request: 5.626473 seconds.
  path: Assets/Scripts/BookSystem/BookItemButtonControl.cs
  artifactKey: Guid(5ef0c227b591b7648b3dc6a27021941c) Importer(815301076,1909f56bfc062723c751e8b465ee728b)
Start importing Assets/Scripts/BookSystem/BookItemButtonControl.cs using Guid(5ef0c227b591b7648b3dc6a27021941c) Importer(815301076,1909f56bfc062723c751e8b465ee728b)  -> (artifact id: '11fb91485135426dc5c9b948370a647e') in 0.001521 seconds 
========================================================================
Received Prepare
Registering precompiled user dll's ...
Registered in 0.003869 seconds.
Begin MonoManager ReloadAssembly
Native extension for WindowsStandalone target not found
Native extension for iOS target not found
Native extension for Android target not found
Refreshing native plugins compatible for Editor in 0.59 ms, found 2 plugins.
Preloading 0 native plugins for Editor in 0.00 ms.
Mono: successfully reloaded assembly
- Completed reload, in  0.812 seconds
Domain Reload Profiling:
	ReloadAssembly (812ms)
		BeginReloadAssembly (146ms)
			ExecutionOrderSort (0ms)
			DisableScriptedObjects (4ms)
			BackupInstance (0ms)
			ReleaseScriptingObjects (0ms)
			CreateAndSetChildDomain (35ms)
		EndReloadAssembly (596ms)
			LoadAssemblies (115ms)
			RebuildTransferFunctionScriptingTraits (0ms)
			SetupTypeCache (139ms)
			ReleaseScriptCaches (1ms)
			RebuildScriptCaches (36ms)
			SetupLoadedEditorAssemblies (317ms)
				LogAssemblyErrors (0ms)
				InitializePlatformSupportModulesInManaged (25ms)
				SetLoadedEditorAssemblies (0ms)
				RefreshPlugins (1ms)
				BeforeProcessingInitializeOnLoad (47ms)
				ProcessInitializeOnLoadAttributes (150ms)
				ProcessInitializeOnLoadMethodAttributes (93ms)
				AfterProcessingInitializeOnLoad (2ms)
				EditorAssembliesLoaded (0ms)
			ExecutionOrderSort2 (0ms)
			AwakeInstancesAfterBackupRestoration (8ms)
Platform modules already initialized, skipping
Refreshing native plugins compatible for Editor in 5.71 ms, found 2 plugins.
Preloading 0 native plugins for Editor in 0.00 ms.
Unloading 2513 Unused Serialized files (Serialized files now loaded: 0)
Unloading 50 unused Assets / (33.6 KB). Loaded Objects now: 3017.
Memory consumption went from 100.0 MB to 99.9 MB.
Total: 6.761800 ms (FindLiveObjects: 0.176100 ms CreateObjectMapping: 0.059000 ms MarkObjects: 6.483100 ms  DeleteObjects: 0.042700 ms)

AssetImportParameters requested are different than current active one (requested -> active):
  custom:video-decoder-ogg-theora: a1e56fd34408186e4bbccfd4996cb3dc -> 
  custom:container-muxer-webm: aa71ff27fc2769a1b78a27578f13a17b -> 
  custom:container-demuxer-webm: 4f35f7cbe854078d1ac9338744f61a02 -> 
  custom:video-encoder-webm-vp8: eb34c28f22e8b96e1ab97ce403110664 -> 
  custom:video-codec-MediaFoundation-h265: 746d11721c4dcdbdad8f713fa42b33f4 -> 
  custom:audio-encoder-webm-vorbis: bf7c407c2cedff20999df2af8eb42d56 -> 
  custom:framework-win-MediaFoundation: 216162199b28c13a410421893ffa2e32 -> 
  custom:container-demuxer-ogg: 62fdf1f143b41e24485cea50d1cbac27 -> 
  custom:video-decoder-webm-vp8: 9c59270c3fd7afecdb556c50c9e8de78 -> 
  custom:audio-decoder-ogg-vorbis: bf7c407c2cedff20999df2af8eb42d56 -> 
========================================================================
Received Import Request.
  Time since last request: 30.130657 seconds.
  path: Assets/Scripts/BookSystem/BookItemButtonControl.cs
  artifactKey: Guid(5ef0c227b591b7648b3dc6a27021941c) Importer(815301076,1909f56bfc062723c751e8b465ee728b)
Start importing Assets/Scripts/BookSystem/BookItemButtonControl.cs using Guid(5ef0c227b591b7648b3dc6a27021941c) Importer(815301076,1909f56bfc062723c751e8b465ee728b)  -> (artifact id: '063c8c4b534d15cdc2a5f581f4471800') in 0.005473 seconds 
========================================================================
Received Prepare
Registering precompiled user dll's ...
Registered in 0.003419 seconds.
Begin MonoManager ReloadAssembly
Native extension for WindowsStandalone target not found
Native extension for iOS target not found
Native extension for Android target not found
Refreshing native plugins compatible for Editor in 0.79 ms, found 2 plugins.
Preloading 0 native plugins for Editor in 0.00 ms.
Mono: successfully reloaded assembly
- Completed reload, in  0.828 seconds
Domain Reload Profiling:
	ReloadAssembly (828ms)
		BeginReloadAssembly (139ms)
			ExecutionOrderSort (0ms)
			DisableScriptedObjects (5ms)
			BackupInstance (0ms)
			ReleaseScriptingObjects (0ms)
			CreateAndSetChildDomain (32ms)
		EndReloadAssembly (622ms)
			LoadAssemblies (105ms)
			RebuildTransferFunctionScriptingTraits (0ms)
			SetupTypeCache (142ms)
			ReleaseScriptCaches (1ms)
			RebuildScriptCaches (39ms)
			SetupLoadedEditorAssemblies (339ms)
				LogAssemblyErrors (0ms)
				InitializePlatformSupportModulesInManaged (26ms)
				SetLoadedEditorAssemblies (0ms)
				RefreshPlugins (1ms)
				BeforeProcessingInitializeOnLoad (51ms)
				ProcessInitializeOnLoadAttributes (156ms)
				ProcessInitializeOnLoadMethodAttributes (102ms)
				AfterProcessingInitializeOnLoad (2ms)
				EditorAssembliesLoaded (0ms)
			ExecutionOrderSort2 (0ms)
			AwakeInstancesAfterBackupRestoration (6ms)
Platform modules already initialized, skipping
Refreshing native plugins compatible for Editor in 7.55 ms, found 2 plugins.
Preloading 0 native plugins for Editor in 0.00 ms.
Unloading 2513 Unused Serialized files (Serialized files now loaded: 0)
Unloading 49 unused Assets / (32.8 KB). Loaded Objects now: 3020.
Memory consumption went from 100.0 MB to 99.9 MB.
Total: 10.553700 ms (FindLiveObjects: 0.444200 ms CreateObjectMapping: 0.130100 ms MarkObjects: 9.924800 ms  DeleteObjects: 0.052900 ms)

AssetImportParameters requested are different than current active one (requested -> active):
  custom:video-decoder-ogg-theora: a1e56fd34408186e4bbccfd4996cb3dc -> 
  custom:container-muxer-webm: aa71ff27fc2769a1b78a27578f13a17b -> 
  custom:container-demuxer-webm: 4f35f7cbe854078d1ac9338744f61a02 -> 
  custom:video-encoder-webm-vp8: eb34c28f22e8b96e1ab97ce403110664 -> 
  custom:video-codec-MediaFoundation-h265: 746d11721c4dcdbdad8f713fa42b33f4 -> 
  custom:audio-encoder-webm-vorbis: bf7c407c2cedff20999df2af8eb42d56 -> 
  custom:framework-win-MediaFoundation: 216162199b28c13a410421893ffa2e32 -> 
  custom:container-demuxer-ogg: 62fdf1f143b41e24485cea50d1cbac27 -> 
  custom:video-decoder-webm-vp8: 9c59270c3fd7afecdb556c50c9e8de78 -> 
  custom:audio-decoder-ogg-vorbis: bf7c407c2cedff20999df2af8eb42d56 -> 
========================================================================
Received Import Request.
  Time since last request: 59.462832 seconds.
  path: Assets/Scripts/BookSystem/ArchiveSystem
  artifactKey: Guid(f741d6c94f64bac4a8f5dbd1911624ee) Importer(815301076,1909f56bfc062723c751e8b465ee728b)
Start importing Assets/Scripts/BookSystem/ArchiveSystem using Guid(f741d6c94f64bac4a8f5dbd1911624ee) Importer(815301076,1909f56bfc062723c751e8b465ee728b)  -> (artifact id: '176e3fe86675c67cf01c915d37b4ae34') in 0.005565 seconds 
========================================================================
Received Import Request.
  Time since last request: 6.088958 seconds.
  path: Assets/Backgrounds
  artifactKey: Guid(ad409e022f3284849ab00da951788392) Importer(815301076,1909f56bfc062723c751e8b465ee728b)
Start importing Assets/Backgrounds using Guid(ad409e022f3284849ab00da951788392) Importer(815301076,1909f56bfc062723c751e8b465ee728b)  -> (artifact id: 'a982c389a39e191d1fa11347488a8f32') in 0.001424 seconds 
========================================================================
Received Import Request.
  Time since last request: 2.741511 seconds.
  path: Assets/Scenes
  artifactKey: Guid(fd618bb6a676cc445baf4c964c337ddd) Importer(815301076,1909f56bfc062723c751e8b465ee728b)
Start importing Assets/Scenes using Guid(fd618bb6a676cc445baf4c964c337ddd) Importer(815301076,1909f56bfc062723c751e8b465ee728b)  -> (artifact id: 'a9a858fdd8e64869f3aedd3e48c9f608') in 0.001422 seconds 
========================================================================
Received Import Request.
  Time since last request: 6.705443 seconds.
  path: Assets/Scenes/Sign Up.unity
  artifactKey: Guid(fc506d588a57021458a9f13408e32b53) Importer(815301076,1909f56bfc062723c751e8b465ee728b)
Start importing Assets/Scenes/Sign Up.unity using Guid(fc506d588a57021458a9f13408e32b53) Importer(815301076,1909f56bfc062723c751e8b465ee728b)  -> (artifact id: '817b1ea08ed55778dbbaef73efc6109b') in 0.001474 seconds 
========================================================================
Received Import Request.
  Time since last request: 1037.451982 seconds.
  path: Assets/Scenes/Login.unity
  artifactKey: Guid(a4117c2e9ef5ea94fb2bde9a6a201fb5) Importer(815301076,1909f56bfc062723c751e8b465ee728b)
Start importing Assets/Scenes/Login.unity using Guid(a4117c2e9ef5ea94fb2bde9a6a201fb5) Importer(815301076,1909f56bfc062723c751e8b465ee728b)  -> (artifact id: '4ef552dea2429154f650cdeacac5cd39') in 0.001476 seconds 
